<?xml version="1.0" encoding="UTF-8"?>
<testng-results skipped="0" failed="0" ignored="0" total="1" passed="1">
  <reporter-output>
  </reporter-output>
  <suite name="Suite" duration-ms="52093" started-at="2019-02-01T02:56:32Z" finished-at="2019-02-01T02:57:24Z">
    <groups>
    </groups>
    <test name="Validating Navbar" duration-ms="52093" started-at="2019-02-01T02:56:32Z" finished-at="2019-02-01T02:57:24Z">
      <class name="academy.ValidateNavbar">
        <test-method status="PASS" signature="initialize()[pri:0, instance:academy.ValidateNavbar@2b71e916]" name="initialize" is-config="true" duration-ms="18172" started-at="2019-02-01T02:56:32Z" finished-at="2019-02-01T02:56:50Z">
          <reporter-output>
          </reporter-output>
        </test-method> <!-- initialize -->
        <test-method status="PASS" signature="validateNavBarTest()[pri:0, instance:academy.ValidateNavbar@2b71e916]" name="validateNavBarTest" duration-ms="24588" started-at="2019-02-01T02:56:50Z" finished-at="2019-02-01T02:57:15Z">
          <reporter-output>
          </reporter-output>
        </test-method> <!-- validateNavBarTest -->
        <test-method status="PASS" signature="tearDown()[pri:0, instance:academy.ValidateNavbar@2b71e916]" name="tearDown" is-config="true" duration-ms="9314" started-at="2019-02-01T02:57:15Z" finished-at="2019-02-01T02:57:24Z">
          <reporter-output>
          </reporter-output>
        </test-method> <!-- tearDown -->
      </class> <!-- academy.ValidateNavbar -->
    </test> <!-- Validating Navbar -->
  </suite> <!-- Suite -->
</testng-results>
